\BOOKMARK [0][-]{section*.1}{\376\377\000R\000e\000s\000u\000m\000e\000n}{}% 1
\BOOKMARK [0][-]{chapter.1}{\376\377\000I\000n\000t\000r\000o\000d\000u\000c\000c\000i\000\363\000n\000\040\000g\000e\000n\000e\000r\000a\000l}{}% 2
\BOOKMARK [1][-]{section.1.1}{\376\377\000E\000s\000t\000a\000d\000o\000\040\000d\000e\000l\000\040\000a\000r\000t\000e}{chapter.1}% 3
\BOOKMARK [2][-]{subsection.1.1.1}{\376\377\000I\000n\000t\000r\000o\000d\000u\000c\000c\000i\000\363\000n\000\040\000a\000\040\000l\000a\000s\000\040\000s\000o\000l\000u\000c\000i\000o\000n\000e\000s\000\040\000I\000o\000T}{section.1.1}% 4
\BOOKMARK [2][-]{subsection.1.1.2}{\376\377\000S\000o\000l\000u\000c\000i\000o\000n\000e\000s\000\040\000I\000o\000T\000\040\000q\000u\000e\000\040\000u\000t\000i\000l\000i\000z\000a\000n\000\040\000r\000o\000b\000o\000t\000s\000\040\000e\000x\000p\000l\000o\000r\000a\000d\000o\000r\000e\000s}{section.1.1}% 5
\BOOKMARK [2][-]{subsection.1.1.3}{\376\377\000S\000o\000l\000u\000c\000i\000o\000n\000e\000s\000\040\000I\000o\000T\000\040\000q\000u\000e\000\040\000u\000t\000i\000l\000i\000z\000a\000n\000\040\000b\000l\000o\000c\000k\000c\000h\000a\000i\000n}{section.1.1}% 6
\BOOKMARK [1][-]{section.1.2}{\376\377\000M\000o\000t\000i\000v\000a\000c\000i\000\363\000n\000\040\000d\000e\000l\000\040\000t\000r\000a\000b\000a\000j\000o}{chapter.1}% 7
\BOOKMARK [1][-]{section.1.3}{\376\377\000A\000l\000c\000a\000n\000c\000e\000\040\000y\000\040\000o\000b\000j\000e\000t\000i\000v\000o\000s}{chapter.1}% 8
\BOOKMARK [1][-]{section.1.4}{\376\377\000R\000e\000q\000u\000e\000r\000i\000m\000i\000e\000n\000t\000o\000s\000\040\000d\000e\000l\000\040\000p\000r\000o\000d\000u\000c\000t\000o}{chapter.1}% 9
\BOOKMARK [0][-]{chapter.2}{\376\377\000I\000n\000t\000r\000o\000d\000u\000c\000c\000i\000\363\000n\000\040\000e\000s\000p\000e\000c\000\355\000f\000i\000c\000a}{}% 10
\BOOKMARK [1][-]{section.2.1}{\376\377\000T\000e\000c\000n\000o\000l\000o\000g\000\355\000a\000s\000\040\000d\000e\000\040\000h\000a\000r\000d\000w\000a\000r\000e\000\040\000y\000\040\000f\000i\000r\000m\000w\000a\000r\000e\000\040\000u\000t\000i\000l\000i\000z\000a\000d\000a\000s}{chapter.2}% 11
\BOOKMARK [2][-]{subsection.2.1.1}{\376\377\000R\000o\000b\000o\000t\000\040\000d\000e\000\040\000e\000x\000p\000l\000o\000r\000a\000c\000i\000\363\000n\000\040\000a\000m\000b\000i\000e\000n\000t\000a\000l}{section.2.1}% 12
\BOOKMARK [1][-]{section.2.2}{\376\377\000T\000e\000c\000n\000o\000l\000o\000g\000\355\000a\000s\000\040\000b\000a\000c\000k\000e\000n\000d\000\040\000u\000t\000i\000l\000i\000z\000a\000d\000a\000s}{chapter.2}% 13
\BOOKMARK [2][-]{subsection.2.2.1}{\376\377\000A\000m\000a\000z\000o\000n\000\040\000W\000e\000b\000\040\000S\000e\000r\000v\000i\000c\000e\000s}{section.2.2}% 14
\BOOKMARK [2][-]{subsection.2.2.2}{\376\377\000A\000W\000S\000\040\000A\000p\000p\000\040\000R\000u\000n\000n\000e\000r}{section.2.2}% 15
\BOOKMARK [2][-]{subsection.2.2.3}{\376\377\000A\000W\000S\000\040\000G\000l\000u\000e}{section.2.2}% 16
\BOOKMARK [2][-]{subsection.2.2.4}{\376\377\000A\000W\000S\000\040\000S\0003}{section.2.2}% 17
\BOOKMARK [2][-]{subsection.2.2.5}{\376\377\000A\000W\000S\000\040\000A\000t\000h\000e\000n\000a}{section.2.2}% 18
\BOOKMARK [2][-]{subsection.2.2.6}{\376\377\000M\000Q\000T\000T}{section.2.2}% 19
\BOOKMARK [2][-]{subsection.2.2.7}{\376\377\000A\000W\000S\000\040\000I\000o\000T\000\040\000C\000o\000r\000e}{section.2.2}% 20
\BOOKMARK [2][-]{subsection.2.2.8}{\376\377\000N\000o\000d\000e\000.\000j\000s}{section.2.2}% 21
\BOOKMARK [1][-]{section.2.3}{\376\377\000T\000e\000c\000n\000o\000l\000o\000g\000\355\000a\000s\000\040\000B\000l\000o\000c\000k\000c\000h\000a\000i\000n\000\040\000u\000t\000i\000l\000i\000z\000a\000d\000a\000s}{chapter.2}% 22
\BOOKMARK [2][-]{subsection.2.3.1}{\376\377\000E\000c\000o\000s\000i\000s\000t\000e\000m\000a\000\040\000E\000t\000h\000e\000r\000e\000u\000m}{section.2.3}% 23
\BOOKMARK [2][-]{subsection.2.3.2}{\376\377\000S\000o\000l\000i\000d\000i\000t\000y}{section.2.3}% 24
\BOOKMARK [2][-]{subsection.2.3.3}{\376\377\000B\000i\000b\000l\000i\000o\000t\000e\000c\000a\000\040\000W\000e\000b\0003\000.\000j\000s}{section.2.3}% 25
\BOOKMARK [2][-]{subsection.2.3.4}{\376\377\000G\000a\000n\000a\000c\000h\000e}{section.2.3}% 26
\BOOKMARK [2][-]{subsection.2.3.5}{\376\377\000T\000r\000u\000f\000f\000l\000e}{section.2.3}% 27
\BOOKMARK [2][-]{subsection.2.3.6}{\376\377\000A\000l\000c\000h\000e\000m\000y}{section.2.3}% 28
\BOOKMARK [2][-]{subsection.2.3.7}{\376\377\000E\000t\000h\000e\000r\000s\000c\000a\000n}{section.2.3}% 29
\BOOKMARK [2][-]{subsection.2.3.8}{\376\377\000M\000e\000t\000a\000m\000a\000s\000k}{section.2.3}% 30
\BOOKMARK [1][-]{section.2.4}{\376\377\000T\000e\000c\000n\000o\000l\000o\000g\000\355\000a\000s\000\040\000d\000e\000\040\000d\000e\000s\000a\000r\000r\000o\000l\000l\000o\000\040\000u\000t\000i\000l\000i\000z\000a\000d\000a\000s}{chapter.2}% 31
\BOOKMARK [2][-]{subsection.2.4.1}{\376\377\000P\000l\000a\000t\000a\000f\000o\000r\000m\000a\000\040\000D\000o\000c\000k\000e\000r}{section.2.4}% 32
\BOOKMARK [2][-]{subsection.2.4.2}{\376\377\000P\000l\000a\000t\000a\000f\000o\000r\000m\000a\000\040\000d\000e\000\040\000C\000I\000/\000C\000D}{section.2.4}% 33
\BOOKMARK [2][-]{subsection.2.4.3}{\376\377\000V\000i\000s\000u\000a\000l\000\040\000S\000t\000u\000d\000i\000o\000\040\000C\000o\000d\000e}{section.2.4}% 34
\BOOKMARK [2][-]{subsection.2.4.4}{\376\377\000S\000i\000s\000t\000e\000m\000a\000\040\000o\000p\000e\000r\000a\000t\000i\000v\000o\000\040\000U\000b\000u\000n\000t\000u}{section.2.4}% 35
\BOOKMARK [0][-]{chapter.3}{\376\377\000D\000i\000s\000e\000\361\000o\000\040\000e\000\040\000i\000m\000p\000l\000e\000m\000e\000n\000t\000a\000c\000i\000\363\000n}{}% 36
\BOOKMARK [1][-]{section.3.1}{\376\377\000A\000n\000\341\000l\000i\000s\000i\000s\000\040\000d\000e\000l\000\040\000s\000o\000f\000t\000w\000a\000r\000e}{chapter.3}% 37
\BOOKMARK [0][-]{chapter.4}{\376\377\000E\000n\000s\000a\000y\000o\000s\000\040\000y\000\040\000r\000e\000s\000u\000l\000t\000a\000d\000o\000s}{}% 38
\BOOKMARK [1][-]{section.4.1}{\376\377\000P\000r\000u\000e\000b\000a\000s\000\040\000f\000u\000n\000c\000i\000o\000n\000a\000l\000e\000s\000\040\000d\000e\000l\000\040\000h\000a\000r\000d\000w\000a\000r\000e}{chapter.4}% 39
\BOOKMARK [0][-]{chapter.5}{\376\377\000C\000o\000n\000c\000l\000u\000s\000i\000o\000n\000e\000s}{}% 40
\BOOKMARK [1][-]{section.5.1}{\376\377\000C\000o\000n\000c\000l\000u\000s\000i\000o\000n\000e\000s\000\040\000g\000e\000n\000e\000r\000a\000l\000e\000s\000\040}{chapter.5}% 41
\BOOKMARK [1][-]{section.5.2}{\376\377\000P\000r\000\363\000x\000i\000m\000o\000s\000\040\000p\000a\000s\000o\000s}{chapter.5}% 42
\BOOKMARK [0][-]{appendix*.6}{\376\377\000B\000i\000b\000l\000i\000o\000g\000r\000a\000f\000\355\000a}{}% 43
