This is pdfTeX, Version 3.141592653-2.6-1.40.25 (TeX Live 2023/Debian) (preloaded format=pdflatex 2024.5.12)  3 APR 2025 00:35
entering extended mode
 restricted \write18 enabled.
 %&-line parsing enabled.
**portada.tex
(./portada.tex
LaTeX2e <2023-11-01> patch level 1
L3 programming layer <2024-01-22>

! LaTeX Error: Environment titlepage undefined.

See the LaTeX manual or LaTeX Companion for explanation.
Type  H <return>  for immediate help.
 ...                                              
                                                  
l.4 \begin{titlepage}
                     
Your command was ignored.
Type  I <command> <return>  to replace it with another command,
or  <return>  to continue without it.

! Undefined control sequence.
l.6     \AddToShipoutPictureBG
                              *{\includegraphics[width=\paperwidth, height=\...
The control sequence at the end of the top line
of your error message was never \def'ed. If you have
misspelled it (e.g., `\hobx'), type `I' and the correct
spelling (e.g., `I\hbox'). Otherwise just continue,
and I'll forget about whatever was undefined.


! LaTeX Error: Missing \begin{document}.

See the LaTeX manual or LaTeX Companion for explanation.
Type  H <return>  for immediate help.
 ...                                              
                                                  
l.6     \AddToShipoutPictureBG*
                               {\includegraphics[width=\paperwidth, height=\...

You're in trouble here.  Try typing  <return>  to proceed.
If that doesn't work, type  X <return>  to quit.

Missing character: There is no * in font nullfont!
! Undefined control sequence.
l.6     \AddToShipoutPictureBG*{\includegraphics
                                                [width=\paperwidth, height=\...
The control sequence at the end of the top line
of your error message was never \def'ed. If you have
misspelled it (e.g., `\hobx'), type `I' and the correct
spelling (e.g., `I\hbox'). Otherwise just continue,
and I'll forget about whatever was undefined.

Missing character: There is no [ in font nullfont!
Missing character: There is no w in font nullfont!
Missing character: There is no i in font nullfont!
Missing character: There is no d in font nullfont!
Missing character: There is no t in font nullfont!
Missing character: There is no h in font nullfont!
Missing character: There is no = in font nullfont!
! Illegal unit of measure (pt inserted).
<to be read again> 
                   h
l.6 ...reBG*{\includegraphics[width=\paperwidth, h
                                                  eight=\paperheight]{Figure...
Dimensions can be in units of em, ex, in, pt, pc,
cm, mm, dd, cc, nd, nc, bp, or sp; but yours is a new one!
I'll assume that you meant to say pt, for printer's points.
To recover gracefully from this error, it's best to
delete the erroneous units; e.g., type `2' to delete
two letters. (See Chapter 27 of The TeXbook.)

Missing character: There is no h in font nullfont!
Missing character: There is no e in font nullfont!
Missing character: There is no i in font nullfont!
Missing character: There is no g in font nullfont!
Missing character: There is no h in font nullfont!
Missing character: There is no t in font nullfont!
Missing character: There is no = in font nullfont!
! Missing number, treated as zero.
<to be read again> 
                   ]
l.6 ...ics[width=\paperwidth, height=\paperheight]
                                                  {Figures/fondo.pdf}}
A number should have been here; I inserted `0'.
(If you can't figure out why I needed to see a number,
look up `weird error' in the index to The TeXbook.)

! Illegal unit of measure (pt inserted).
<to be read again> 
                   ]
l.6 ...ics[width=\paperwidth, height=\paperheight]
                                                  {Figures/fondo.pdf}}
Dimensions can be in units of em, ex, in, pt, pc,
cm, mm, dd, cc, nd, nc, bp, or sp; but yours is a new one!
I'll assume that you meant to say pt, for printer's points.
To recover gracefully from this error, it's best to
delete the erroneous units; e.g., type `2' to delete
two letters. (See Chapter 27 of The TeXbook.)

Missing character: There is no ] in font nullfont!
Missing character: There is no F in font nullfont!
Missing character: There is no i in font nullfont!
Missing character: There is no g in font nullfont!
Missing character: There is no u in font nullfont!
Missing character: There is no r in font nullfont!
Missing character: There is no e in font nullfont!
Missing character: There is no s in font nullfont!
Missing character: There is no / in font nullfont!
Missing character: There is no f in font nullfont!
Missing character: There is no o in font nullfont!
Missing character: There is no n in font nullfont!
Missing character: There is no d in font nullfont!
Missing character: There is no o in font nullfont!
Missing character: There is no . in font nullfont!
Missing character: There is no p in font nullfont!
Missing character: There is no d in font nullfont!
Missing character: There is no f in font nullfont!

Overfull \hbox (20.0pt too wide) in paragraph at lines 6--7
[] 
 []


! LaTeX Error: Missing \begin{document}.

See the LaTeX manual or LaTeX Companion for explanation.
Type  H <return>  for immediate help.
 ...                                              
                                                  
l.9     \begin{flushright}
                          
You're in trouble here.  Try typing  <return>  to proceed.
If that doesn't work, type  X <return>  to quit.


Overfull \hbox (20.0pt too wide) in paragraph at lines 9--9
[] 
 []

LaTeX Font Info:    Trying to load font information for OT1+phv on input line 1
4.
(/usr/share/texlive/texmf-dist/tex/latex/psnfss/ot1phv.fd
File: ot1phv.fd 2020/03/25 scalable font definitions for OT1/phv.
)
Overfull \hbox (82.45224pt too wide) in paragraph at lines 15--15
 \OT1/phv/b/n/33 Soluci[]on 
 []


Overfull \hbox (12.78972pt too wide) in paragraph at lines 15--15
 \OT1/phv/b/n/33 para 
 []


Overfull \hbox (26.7491pt too wide) in paragraph at lines 15--15
 \OT1/phv/b/n/33 robot 
 []


Overfull \hbox (3.58298pt too wide) in paragraph at lines 15--15
 \OT1/phv/b/n/33 plo- 
 []


Overfull \hbox (42.12636pt too wide) in paragraph at lines 15--15
 \OT1/phv/b/n/33 raci[]on 
 []


Overfull \hbox (1.76784pt too wide) in paragraph at lines 15--15
 \OT1/phv/b/n/33 am- 
 []


Overfull \hbox (31.10489pt too wide) in paragraph at lines 15--15
 \OT1/phv/b/n/33 datos 
 []


Overfull \hbox (60.47374pt too wide) in paragraph at lines 15--15
 \OT1/phv/b/n/33 cr^^S^^Pticos 
 []


Overfull \hbox (1.76822pt too wide) in paragraph at lines 15--15
 \OT1/phv/b/n/33 con 
 []


Overfull \hbox (1.76784pt too wide) in paragraph at lines 15--15
 \OT1/phv/b/n/33 ma- 
 []


Overfull \hbox (89.7782pt too wide) in paragraph at lines 15--15
 \OT1/phv/b/n/33 namiento 
 []


Overfull \hbox (114.16513pt too wide) in paragraph at lines 15--15
 \OT1/phv/b/n/33 blockchain 
 []


Overfull \hbox (15.33379pt too wide) in paragraph at lines 19--19
 \OT1/phv/m/n/20 Carre[]no 
 []


Overfull \hbox (3.94868pt too wide) in paragraph at lines 23--31
 \OT1/phv/b/n/15 Maestr^^S^^Pa 
 []


Underfull \vbox (badness 10000) has occurred while \output is active []



! LaTeX Error: The font size command \normalsize is not defined:
               there is probably something wrong with the class file.

See the LaTeX manual or LaTeX Companion for explanation.
Type  H <return>  for immediate help.
 ...                                              
                                                  
l.35 ...} Esp. Ing. Sergio Alberino (UTN-FRBA)} \\
                                                  [1cm]
Your command was ignored.
Type  I <command> <return>  to replace it with another command,
or  <return>  to continue without it.

[1{/var/lib/texmf/fonts/map/pdftex/updmap/pdftex.map}{/usr/share/texlive/texmf-
dist/fonts/enc/dvips/base/8r.enc}]
LaTeX Font Info:    Font shape `OT1/phv/m/it' in size <10> not available
(Font)              Font shape `OT1/phv/m/sl' tried instead on input line 48.


! LaTeX Error: \begin{document} ended by \end{titlepage}.

See the LaTeX manual or LaTeX Companion for explanation.
Type  H <return>  for immediate help.
 ...                                              
                                                  
l.51 \end{titlepage}
                    
Your command was ignored.
Type  I <command> <return>  to replace it with another command,
or  <return>  to continue without it.

)
! Emergency stop.
<*> portada.tex
               
*** (job aborted, no legal \end found)

 
Here is how much of TeX's memory you used:
 96 strings out of 474222
 1525 string characters out of 5748733
 1925975 words of memory out of 5000000
 22437 multiletter control sequences out of 15000+600000
 566048 words of font info for 47 fonts, out of 8000000 for 9000
 1141 hyphenation exceptions out of 8191
 25i,5n,24p,168b,176s stack positions out of 10000i,1000n,20000p,200000b,200000s
!  ==> Fatal error occurred, no output PDF file produced!
